<?xml version="1.0" encoding="UTF-8"?>
<!-- Generated by org.testng.reporters.JUnitReportReporter -->
<testsuite hostname="DESKTOP-3SDJ1SU" failures="0" tests="3" name="testngCodes.TestDemo2" time="0.017" errors="0" timestamp="2022-12-13T23:32:10 IST" skipped="0">
  <testcase classname="testngCodes.TestDemo2" name="createCustomer" time="0.012"/>
  <system-out>
    <![CDATA[createCustomer]]>
  </system-out>
  <testcase classname="testngCodes.TestDemo2" name="modifyCustomer" time="0.002"/>
  <system-out>
    <![CDATA[modifyCustomer]]>
  </system-out>
  <testcase classname="testngCodes.TestDemo2" name="deleteCustomer" time="0.003"/>
  <system-out>
    <![CDATA[deleteCustomer]]>
  </system-out>
</testsuite> <!-- testngCodes.TestDemo2 -->
