<?xml version="1.0" encoding="UTF-8"?>
<!-- Generated by org.testng.reporters.JUnitReportReporter -->
<testsuite hostname="DESKTOP-3SDJ1SU" failures="0" tests="3" name="testNGPractice.Practice1" time="0.013" errors="0" timestamp="2022-12-08T16:57:20 IST" skipped="0">
  <testcase classname="testNGPractice.Practice1" name="login" time="0.008"/>
  <system-out/>
  <testcase classname="testNGPractice.Practice1" name="logout" time="0.002"/>
  <system-out/>
  <testcase classname="testNGPractice.Practice1" name="home" time="0.003"/>
  <system-out/>
</testsuite> <!-- testNGPractice.Practice1 -->
