<?xml version="1.0" encoding="UTF-8"?>
<!-- Generated by org.testng.reporters.JUnitReportReporter -->
<testsuite hostname="DESKTOP-3SDJ1SU" failures="0" tests="4" name="com.actitime.testscript.TestNG.TestDemo10" time="0.022" errors="0" timestamp="2022-12-15T16:27:07 IST" skipped="0">
  <testcase classname="com.actitime.testscript.TestNG.TestDemo10" name="deleteCustomer" time="0.009"/>
  <system-out>
    <![CDATA[deleteCustomer]]>
  </system-out>
  <testcase classname="com.actitime.testscript.TestNG.TestDemo10" name="registerCustomer" time="0.007"/>
  <system-out>
    <![CDATA[registerCustomer]]>
  </system-out>
  <testcase classname="com.actitime.testscript.TestNG.TestDemo10" name="editCustomer" time="0.003"/>
  <system-out>
    <![CDATA[editCustomer]]>
  </system-out>
  <testcase classname="com.actitime.testscript.TestNG.TestDemo10" name="editCustomer" time="0.003"/>
  <system-out>
    <![CDATA[editCustomer]]>
  </system-out>
</testsuite> <!-- com.actitime.testscript.TestNG.TestDemo10 -->
