<?xml version="1.0" encoding="UTF-8"?>
<!-- Generated by org.testng.reporters.JUnitReportReporter -->
<testsuite hostname="DESKTOP-3SDJ1SU" failures="0" tests="1" name="pom.packaging.Encapsulationprctce6main" time="40.930" errors="0" timestamp="2022-12-14T16:22:43 IST" skipped="0">
  <testcase classname="pom.packaging.Encapsulationprctce6main" name="loginpage" time="40.930"/>
  <system-out/>
</testsuite> <!-- pom.packaging.Encapsulationprctce6main -->
