<?xml version="1.0" encoding="UTF-8"?>
<!-- Generated by org.testng.reporters.JUnitReportReporter -->
<testsuite hostname="DESKTOP-3SDJ1SU" failures="0" tests="2" name="parallelpractice.Taskmodule" time="0.003" errors="0" timestamp="2022-12-16T16:03:38 IST" skipped="0">
  <testcase classname="parallelpractice.Taskmodule" name="deleteTask" time="0.001"/>
  <system-out>
    <![CDATA[deleteTask]]>
  </system-out>
  <testcase classname="parallelpractice.Taskmodule" name="createTask" time="0.002"/>
  <system-out>
    <![CDATA[createTask]]>
  </system-out>
</testsuite> <!-- parallelpractice.Taskmodule -->
