<?xml version="1.0" encoding="UTF-8"?>
<!-- Generated by org.testng.reporters.JUnitReportReporter -->
<testsuite hostname="DESKTOP-3SDJ1SU" failures="0" tests="3" name="com.actitime.testscript.TestNG.TestDemo11" time="48.098" errors="0" timestamp="2022-12-15T15:22:49 IST" skipped="0">
  <testcase classname="com.actitime.testscript.TestNG.TestDemo11" name="modifyCustomer" time="13.205"/>
  <system-out>
    <![CDATA[modifyCustomer]]>
  </system-out>
  <testcase classname="com.actitime.testscript.TestNG.TestDemo11" name="createCustomer" time="21.886"/>
  <system-out>
    <![CDATA[createCustomer]]>
  </system-out>
  <testcase classname="com.actitime.testscript.TestNG.TestDemo11" name="deleteCustomer" time="13.007"/>
  <system-out>
    <![CDATA[deleteCustomer]]>
  </system-out>
</testsuite> <!-- com.actitime.testscript.TestNG.TestDemo11 -->
