<?xml version="1.0" encoding="UTF-8"?>
<!-- Generated by org.testng.reporters.JUnitReportReporter -->
<testsuite hostname="DESKTOP-3SDJ1SU" failures="0" tests="1" name="Assignmentsnew.Screenshot" time="12.856" errors="0" timestamp="2022-12-14T16:22:43 IST" skipped="0">
  <testcase classname="Assignmentsnew.Screenshot" name="testScreenshot" time="12.856"/>
  <system-out/>
</testsuite> <!-- Assignmentsnew.Screenshot -->
