<?xml version="1.0" encoding="UTF-8"?>
<!-- Generated by org.testng.reporters.JUnitReportReporter -->
<testsuite hostname="DESKTOP-3SDJ1SU" failures="0" tests="2" name="com.actitime.testscript.TestNG.TestDemo1" time="0.019" errors="0" timestamp="2022-12-21T22:08:26 IST" skipped="0">
  <testcase classname="com.actitime.testscript.TestNG.TestDemo1" name="demoB" time="0.004"/>
  <system-out>
    <![CDATA[demoB]]>
  </system-out>
  <testcase classname="com.actitime.testscript.TestNG.TestDemo1" name="demoA" time="0.015"/>
  <system-out>
    <![CDATA[demoA]]>
  </system-out>
</testsuite> <!-- com.actitime.testscript.TestNG.TestDemo1 -->
