<?xml version="1.0" encoding="UTF-8"?>
<!-- Generated by org.testng.reporters.JUnitReportReporter -->
<testsuite hostname="DESKTOP-3SDJ1SU" failures="0" tests="2" name="testngCodes.TestDemo" time="0.014" errors="0" timestamp="2022-12-13T23:00:53 IST" skipped="0">
  <testcase classname="testngCodes.TestDemo" name="demoA" time="0.012"/>
  <system-out>
    <![CDATA[demoA]]>
  </system-out>
  <testcase classname="testngCodes.TestDemo" name="demoB" time="0.002"/>
  <system-out>
    <![CDATA[demoB]]>
  </system-out>
</testsuite> <!-- testngCodes.TestDemo -->
