<?xml version="1.0" encoding="UTF-8"?>
<!-- Generated by org.testng.reporters.JUnitReportReporter -->
<testsuite hostname="DESKTOP-3SDJ1SU" failures="0" tests="2" name="parallelpractice.Projectmodule" time="0.006" errors="0" timestamp="2022-12-16T16:03:38 IST" skipped="0">
  <testcase classname="parallelpractice.Projectmodule" name="createProject" time="0.003"/>
  <system-out>
    <![CDATA[createProject]]>
  </system-out>
  <testcase classname="parallelpractice.Projectmodule" name="deleteProject" time="0.003"/>
  <system-out>
    <![CDATA[deleteProject]]>
  </system-out>
</testsuite> <!-- parallelpractice.Projectmodule -->
