<?xml version="1.0" encoding="UTF-8"?>
<!-- Generated by org.testng.reporters.JUnitReportReporter -->
<testsuite hostname="DESKTOP-3SDJ1SU" failures="0" tests="3" name="com.actitime.generics.Practice1" time="0.005" errors="0" timestamp="2022-12-14T16:22:43 IST" skipped="0">
  <testcase classname="com.actitime.generics.Practice1" name="logout" time="0.002"/>
  <system-out/>
  <testcase classname="com.actitime.generics.Practice1" name="home" time="0.001"/>
  <system-out/>
  <testcase classname="com.actitime.generics.Practice1" name="login" time="0.002"/>
  <system-out/>
</testsuite> <!-- com.actitime.generics.Practice1 -->
