<?xml version="1.0" encoding="UTF-8"?>
<!-- Generated by org.testng.reporters.JUnitReportReporter -->
<testsuite hostname="DESKTOP-3SDJ1SU" failures="0" tests="2" name="com.actitime.testscript.TestNG.TestDemo12" time="0.018" errors="0" timestamp="2022-12-15T08:46:28 IST" skipped="0">
  <testcase classname="com.actitime.testscript.TestNG.TestDemo12" name="deleteCustomer" time="0.003"/>
  <system-out>
    <![CDATA[deleteCustomer]]>
  </system-out>
  <testcase classname="com.actitime.testscript.TestNG.TestDemo12" name="modifyCustomer" time="0.015"/>
  <system-out>
    <![CDATA[modifyCustomer]]>
  </system-out>
</testsuite> <!-- com.actitime.testscript.TestNG.TestDemo12 -->
