<?xml version="1.0" encoding="UTF-8"?>
<!-- Generated by org.testng.reporters.JUnitReportReporter -->
<testsuite hostname="DESKTOP-3SDJ1SU" failures="0" tests="2" name="com.actitime.testscript.TestNG.TestDemo8" time="0.024" errors="0" timestamp="2022-12-21T23:15:37 IST" skipped="0">
  <testcase classname="com.actitime.testscript.TestNG.TestDemo8" name="testCreateCustomer" time="0.019"/>
  <system-out>
    <![CDATA[CreateCustomer]]>
  </system-out>
  <testcase classname="com.actitime.testscript.TestNG.TestDemo8" name="testDeleteCustomer" time="0.005"/>
  <system-out>
    <![CDATA[DeleteCustomer]]>
  </system-out>
</testsuite> <!-- com.actitime.testscript.TestNG.TestDemo8 -->
