<?xml version="1.0" encoding="UTF-8"?>
<!-- Generated by org.testng.reporters.JUnitReportReporter -->
<testsuite hostname="DESKTOP-3SDJ1SU" failures="0" tests="4" name="testngCodes.TestDemo7" time="0.028" errors="0" timestamp="2022-12-14T02:23:36 IST" skipped="0">
  <testcase classname="testngCodes.TestDemo7" name="createCustomer" time="0.015"/>
  <system-out>
    <![CDATA[createCustomer]]>
  </system-out>
  <testcase classname="testngCodes.TestDemo7" name="createCustomer" time="0.003"/>
  <system-out>
    <![CDATA[createCustomer]]>
  </system-out>
  <testcase classname="testngCodes.TestDemo7" name="modifyCustomer" time="0.002"/>
  <system-out>
    <![CDATA[modifyCustomer]]>
  </system-out>
  <testcase classname="testngCodes.TestDemo7" name="deleteCustomer" time="0.008"/>
  <system-out>
    <![CDATA[deleteCustomer]]>
  </system-out>
</testsuite> <!-- testngCodes.TestDemo7 -->
