<?xml version="1.0" encoding="UTF-8"?>
<!-- Generated by org.testng.reporters.JUnitReportReporter -->
<testsuite hostname="DESKTOP-3SDJ1SU" failures="0" tests="1" name="com.actitime.testscript.TestNG.Customermodule" time="0.002" errors="0" timestamp="2022-12-15T08:46:28 IST" skipped="0">
  <testcase classname="com.actitime.testscript.TestNG.Customermodule" name="registerCustomer" time="0.002"/>
  <system-out>
    <![CDATA[registerCustomer]]>
  </system-out>
</testsuite> <!-- com.actitime.testscript.TestNG.Customermodule -->
