<?xml version="1.0" encoding="UTF-8"?>
<!-- Generated by org.testng.reporters.JUnitReportReporter -->
<testsuite hostname="DESKTOP-3SDJ1SU" failures="0" tests="2" name="parallelpractice.Reportmodule" time="0.017" errors="0" timestamp="2022-12-16T16:03:38 IST" skipped="0">
  <testcase classname="parallelpractice.Reportmodule" name="deleteReport" time="0.002"/>
  <system-out>
    <![CDATA[deleteReport]]>
  </system-out>
  <testcase classname="parallelpractice.Reportmodule" name="createReport" time="0.015"/>
  <system-out>
    <![CDATA[createReport]]>
  </system-out>
</testsuite> <!-- parallelpractice.Reportmodule -->
