<?xml version="1.0" encoding="UTF-8"?>
<!-- Generated by org.testng.reporters.JUnitReportReporter -->
<testsuite hostname="DESKTOP-3SDJ1SU" failures="0" tests="3" name="com.actitime.testscript.TestNG.TestDemo2" time="0.004" errors="0" timestamp="2022-12-14T16:22:43 IST" skipped="0">
  <testcase classname="com.actitime.testscript.TestNG.TestDemo2" name="createCustomer" time="0.000"/>
  <system-out>
    <![CDATA[createCustomer]]>
  </system-out>
  <testcase classname="com.actitime.testscript.TestNG.TestDemo2" name="modifyCustomer" time="0.002"/>
  <system-out>
    <![CDATA[modifyCustomer]]>
  </system-out>
  <testcase classname="com.actitime.testscript.TestNG.TestDemo2" name="deleteCustomer" time="0.002"/>
  <system-out>
    <![CDATA[deleteCustomer]]>
  </system-out>
</testsuite> <!-- com.actitime.testscript.TestNG.TestDemo2 -->
