<?xml version="1.0" encoding="UTF-8"?>
<!-- Generated by org.testng.reporters.JUnitReportReporter -->
<testsuite hostname="DESKTOP-3SDJ1SU" failures="0" tests="2" name="com.actitime.testscript.TestNG.TestDemo11" time="17.534" errors="0" timestamp="2022-12-21T23:54:07 IST" skipped="0">
  <testcase classname="com.actitime.testscript.TestNG.TestDemo11" name="modifyCustomer" time="11.002"/>
  <system-out>
    <![CDATA[modifyCustomer]]>
  </system-out>
  <testcase classname="com.actitime.testscript.TestNG.TestDemo11" name="createCustomer" time="6.532"/>
  <system-out>
    <![CDATA[createCustomer]]>
  </system-out>
</testsuite> <!-- com.actitime.testscript.TestNG.TestDemo11 -->
