<?xml version="1.0" encoding="UTF-8"?>
<!-- Generated by org.testng.reporters.JUnitReportReporter -->
<testsuite hostname="DESKTOP-3SDJ1SU" failures="0" tests="2" name="com.actitime.testscript.TestNG.TestDemo5" time="0.003" errors="0" timestamp="2022-12-14T16:22:43 IST" skipped="0">
  <testcase classname="com.actitime.testscript.TestNG.TestDemo5" name="deleteCustomer" time="0.001"/>
  <system-out>
    <![CDATA[deleteCustomer]]>
  </system-out>
  <testcase classname="com.actitime.testscript.TestNG.TestDemo5" name="createCustomer" time="0.002"/>
  <system-out>
    <![CDATA[createCustomer]]>
  </system-out>
</testsuite> <!-- com.actitime.testscript.TestNG.TestDemo5 -->
